2021-11-10 16:40:03,297 - [INFO] - 200 GET / (::1) 2.87ms
2021-11-10 16:40:03,353 - [WARNING] - 404 GET /favicon.ico (::1) 0.47ms
2021-11-10 16:40:04,999 - [INFO] - 304 GET / (::1) 0.73ms
2021-11-10 16:45:13,167 - [INFO] - 200 GET /example.json (::1) 1.07ms
2021-11-10 16:45:44,719 - [INFO] - 200 GET /example.json (::1) 0.38ms
2021-11-10 16:49:14,382 - [INFO] - 304 GET / (::1) 3.41ms
2021-11-10 16:49:18,142 - [INFO] - 200 GET /example.json (::1) 0.46ms
2021-11-10 16:49:39,652 - [INFO] - 304 GET /example.json (::1) 0.69ms
2021-11-10 16:49:42,512 - [INFO] - 304 GET /example.json (::1) 0.60ms
2021-11-10 16:52:48,604 - [INFO] - 304 GET /example.json (::1) 0.82ms
2021-11-10 16:55:20,582 - [INFO] - 200 GET /example2.json (::1) 0.37ms
2021-11-10 16:55:32,368 - [WARNING] - 400 POST /example2.json (::1) 0.43ms
2021-11-10 16:55:36,487 - [INFO] - 200 GET /example2.json (::1) 0.48ms
2021-11-10 16:56:04,563 - [INFO] - 304 GET /example.json (::1) 0.46ms
2021-11-10 16:57:09,118 - [INFO] - 200 GET / (::1) 0.66ms
2021-11-10 17:00:08,149 - [INFO] - 200 GET / (::1) 2.49ms
2021-11-10 17:00:12,790 - [INFO] - 304 GET / (::1) 0.53ms
2021-11-10 17:00:15,652 - [INFO] - 304 GET / (::1) 0.70ms
2021-11-10 17:01:35,687 - [INFO] - 200 GET / (::1) 0.79ms
2021-11-10 17:02:59,848 - [INFO] - 304 GET / (::1) 0.63ms
2021-11-10 17:03:31,359 - [WARNING] - 404 GET /example2.json%0A (::1) 0.49ms
2021-11-10 17:03:40,512 - [WARNING] - 404 GET /example2.json%0A (::1) 0.34ms
2021-11-10 17:03:51,954 - [WARNING] - 404 GET /example2.json%0A (::1) 0.47ms
2021-11-10 17:04:01,889 - [WARNING] - 404 GET /example2.json%0A (::1) 0.54ms
2021-11-10 17:04:52,944 - [WARNING] - 404 GET /example2.json%0A (::1) 0.42ms
2021-11-10 17:05:26,991 - [INFO] - 200 GET /example2.json (::1) 0.59ms
2021-11-10 17:06:03,258 - [INFO] - 200 GET /example2.json (::1) 0.57ms
2021-11-10 17:10:51,661 - [INFO] - 304 GET / (::1) 0.63ms
2021-11-10 17:11:10,222 - [INFO] - 200 GET /example2.json (::1) 0.41ms
2021-11-10 17:19:59,946 - [WARNING] - 404 GET /favicon.ico (::1) 0.47ms
2021-11-10 20:09:25,214 - [INFO] - 304 GET / (::1) 0.69ms
2021-11-10 20:09:42,638 - [WARNING] - 405 POST /diamond_area (::1) 0.37ms
2021-11-10 20:09:49,628 - [WARNING] - 405 POST /diamond_area (::1) 0.53ms
2021-11-10 20:09:50,336 - [WARNING] - 405 POST /diamond_area (::1) 0.46ms
2021-11-10 20:09:51,770 - [WARNING] - 405 POST /diamond_area (::1) 0.51ms
2021-11-10 20:11:16,982 - [INFO] - 200 POST /diamond_area (::1) 0.36ms
2021-11-10 20:14:00,024 - [INFO] - 304 GET / (::1) 0.81ms
2021-11-10 20:14:47,984 - [INFO] - 200 POST /diamond_area (::1) 0.39ms
